Traceback (most recent call last):
  File "/Users/itam/miniconda3/lib/python3.12/site-packages/jupyter_cache/executors/utils.py", line 58, in single_nb_execution
    executenb(
  File "/Users/itam/miniconda3/lib/python3.12/site-packages/nbclient/client.py", line 1319, in execute
    return NotebookClient(nb=nb, resources=resources, km=km, **kwargs).execute()
           ^^^^^^^^^^^^^^^^^^^^^^^^^^^^^^^^^^^^^^^^^^^^^^^^^^^^^^^^^^^^^^^^^^^^^
  File "/Users/itam/miniconda3/lib/python3.12/site-packages/jupyter_core/utils/__init__.py", line 165, in wrapped
    return loop.run_until_complete(inner)
           ^^^^^^^^^^^^^^^^^^^^^^^^^^^^^^
  File "/Users/itam/miniconda3/lib/python3.12/asyncio/base_events.py", line 685, in run_until_complete
    return future.result()
           ^^^^^^^^^^^^^^^
  File "/Users/itam/miniconda3/lib/python3.12/site-packages/nbclient/client.py", line 709, in async_execute
    await self.async_execute_cell(
  File "/Users/itam/miniconda3/lib/python3.12/site-packages/nbclient/client.py", line 1062, in async_execute_cell
    await self._check_raise_for_error(cell, cell_index, exec_reply)
  File "/Users/itam/miniconda3/lib/python3.12/site-packages/nbclient/client.py", line 918, in _check_raise_for_error
    raise CellExecutionError.from_cell_and_msg(cell, exec_reply_content)
nbclient.exceptions.CellExecutionError: An error occurred while executing the following cell:
------------------
import pooch
# Download the data used in this notebook
data = pooch.retrieve('https://unils-my.sharepoint.com/:u:/g/personal/tom_beucler_unil_ch/EZQnP79VVtROtOlxw5QpfoYBtPG54sb4CZ2vzlg0bKkPew?download=1',
                          known_hash='200a740d0e448aa9e4e03d8a9965a70f228442a2da28d804c8e2337d0ef9749e',
                          processor=pooch.Unzip()
                          )
------------------


[0;31m---------------------------------------------------------------------------[0m
[0;31mModuleNotFoundError[0m                       Traceback (most recent call last)
Cell [0;32mIn[3], line 1[0m
[0;32m----> 1[0m [38;5;28;01mimport[39;00m [38;5;21;01mpooch[39;00m
[1;32m      2[0m [38;5;66;03m# Download the data used in this notebook[39;00m
[1;32m      3[0m data [38;5;241m=[39m pooch[38;5;241m.[39mretrieve([38;5;124m'[39m[38;5;124mhttps://unils-my.sharepoint.com/:u:/g/personal/tom_beucler_unil_ch/EZQnP79VVtROtOlxw5QpfoYBtPG54sb4CZ2vzlg0bKkPew?download=1[39m[38;5;124m'[39m,
[1;32m      4[0m                           known_hash[38;5;241m=[39m[38;5;124m'[39m[38;5;124m200a740d0e448aa9e4e03d8a9965a70f228442a2da28d804c8e2337d0ef9749e[39m[38;5;124m'[39m,
[1;32m      5[0m                           processor[38;5;241m=[39mpooch[38;5;241m.[39mUnzip()
[1;32m      6[0m                           )

[0;31mModuleNotFoundError[0m: No module named 'pooch'

